<?xml version="1.0" encoding="UTF-8"?>
<!-- Generated by org.testng.reporters.JUnitReportReporter -->
<testsuite hostname="LAPTOP-PKI9VOVU" failures="0" tests="1" name="Baisc.SunnyTest" time="8.956" errors="0" timestamp="2024-01-18T10:38:01 IST" skipped="0">
  <testcase classname="Baisc.SunnyTest" name="tiraTest" time="8.956"/>
  <system-out/>
</testsuite> <!-- Baisc.SunnyTest -->
