<?xml version="1.0" encoding="UTF-8"?>
<!-- Generated by org.testng.reporters.JUnitReportReporter -->
<testsuite hostname="LAPTOP-PKI9VOVU" failures="0" tests="1" name="Baisc.Myntra" time="9.375" errors="0" timestamp="2024-01-18T09:32:00 IST" skipped="0">
  <testcase classname="Baisc.Myntra" name="myntraTest" time="9.375"/>
  <system-out/>
</testsuite> <!-- Baisc.Myntra -->
